<?xml version="1.0" encoding="UTF-8"?>
<testng-results ignored="0" total="3" passed="3" failed="0" skipped="0">
  <reporter-output>
  </reporter-output>
  <suite started-at="2023-04-28T16:36:01 GST" name="Suite" finished-at="2023-04-28T16:36:34 GST" duration-ms="33067">
    <groups>
    </groups>
    <test started-at="2023-04-28T16:36:01 GST" name="Test" finished-at="2023-04-28T16:36:34 GST" duration-ms="33067">
      <class name="sevenrmartSupermarket.Testscripts.ManageOfferCodeTest">
        <test-method is-config="true" signature="initilizeBrowser(java.lang.String)[pri:0, instance:sevenrmartSupermarket.Testscripts.ManageOfferCodeTest@30e868be]" started-at="2023-04-28T16:36:01 GST" name="initilizeBrowser" finished-at="2023-04-28T16:36:07 GST" duration-ms="6359" status="PASS">
          <params>
            <param index="0">
              <value>
                <![CDATA[chrome]]>
              </value>
            </param>
          </params>
          <reporter-output>
          </reporter-output>
        </test-method> <!-- initilizeBrowser -->
        <test-method signature="updateOfferCodeImage()[pri:0, instance:sevenrmartSupermarket.Testscripts.ManageOfferCodeTest@30e868be]" started-at="2023-04-28T16:36:07 GST" name="updateOfferCodeImage" finished-at="2023-04-28T16:36:11 GST" duration-ms="4490" status="PASS">
          <reporter-output>
          </reporter-output>
        </test-method> <!-- updateOfferCodeImage -->
        <test-method is-config="true" signature="browserQuit(org.testng.ITestResult)[pri:0, instance:sevenrmartSupermarket.Testscripts.ManageOfferCodeTest@30e868be]" started-at="2023-04-28T16:36:11 GST" name="browserQuit" finished-at="2023-04-28T16:36:12 GST" duration-ms="456" status="PASS">
          <params>
            <param index="0">
              <value>
                <![CDATA[[TestResult name=updateOfferCodeImage status=SUCCESS method=ManageOfferCodeTest.updateOfferCodeImage()[pri:0, instance:sevenrmartSupermarket.Testscripts.ManageOfferCodeTest@30e868be] output={null}]]]>
              </value>
            </param>
          </params>
          <reporter-output>
          </reporter-output>
        </test-method> <!-- browserQuit -->
        <test-method is-config="true" signature="initilizeBrowser(java.lang.String)[pri:0, instance:sevenrmartSupermarket.Testscripts.ManageOfferCodeTest@30e868be]" started-at="2023-04-28T16:36:12 GST" name="initilizeBrowser" finished-at="2023-04-28T16:36:16 GST" duration-ms="3670" status="PASS">
          <params>
            <param index="0">
              <value>
                <![CDATA[chrome]]>
              </value>
            </param>
          </params>
          <reporter-output>
          </reporter-output>
        </test-method> <!-- initilizeBrowser -->
        <test-method signature="verifyResetButtonToStartNewSearch(java.lang.String)[pri:0, instance:sevenrmartSupermarket.Testscripts.ManageOfferCodeTest@30e868be]" started-at="2023-04-28T16:36:16 GST" name="verifyResetButtonToStartNewSearch" finished-at="2023-04-28T16:36:20 GST" duration-ms="4570" status="PASS">
          <params>
            <param index="0">
              <value>
                <![CDATA[TRYNEW20]]>
              </value>
            </param>
          </params>
          <reporter-output>
          </reporter-output>
        </test-method> <!-- verifyResetButtonToStartNewSearch -->
        <test-method is-config="true" signature="browserQuit(org.testng.ITestResult)[pri:0, instance:sevenrmartSupermarket.Testscripts.ManageOfferCodeTest@30e868be]" started-at="2023-04-28T16:36:20 GST" name="browserQuit" finished-at="2023-04-28T16:36:21 GST" duration-ms="453" status="PASS">
          <params>
            <param index="0">
              <value>
                <![CDATA[[TestResult name=verifyResetButtonToStartNewSearch status=SUCCESS method=ManageOfferCodeTest.verifyResetButtonToStartNewSearch(java.lang.String)[pri:0, instance:sevenrmartSupermarket.Testscripts.ManageOfferCodeTest@30e868be] output={null}]]]>
              </value>
            </param>
          </params>
          <reporter-output>
          </reporter-output>
        </test-method> <!-- browserQuit -->
        <test-method is-config="true" signature="initilizeBrowser(java.lang.String)[pri:0, instance:sevenrmartSupermarket.Testscripts.ManageOfferCodeTest@30e868be]" started-at="2023-04-28T16:36:21 GST" name="initilizeBrowser" finished-at="2023-04-28T16:36:28 GST" duration-ms="7179" status="PASS">
          <params>
            <param index="0">
              <value>
                <![CDATA[chrome]]>
              </value>
            </param>
          </params>
          <reporter-output>
          </reporter-output>
        </test-method> <!-- initilizeBrowser -->
        <test-method signature="verify_seraching_With_Offercode_Shows_Corressponding_Details(java.lang.String)[pri:0, instance:sevenrmartSupermarket.Testscripts.ManageOfferCodeTest@30e868be]" started-at="2023-04-28T16:36:28 GST" name="verify_seraching_With_Offercode_Shows_Corressponding_Details" finished-at="2023-04-28T16:36:33 GST" duration-ms="5413" status="PASS">
          <params>
            <param index="0">
              <value>
                <![CDATA[TRYNEW20]]>
              </value>
            </param>
          </params>
          <reporter-output>
          </reporter-output>
        </test-method> <!-- verify_seraching_With_Offercode_Shows_Corressponding_Details -->
        <test-method is-config="true" signature="browserQuit(org.testng.ITestResult)[pri:0, instance:sevenrmartSupermarket.Testscripts.ManageOfferCodeTest@30e868be]" started-at="2023-04-28T16:36:33 GST" name="browserQuit" finished-at="2023-04-28T16:36:34 GST" duration-ms="417" status="PASS">
          <params>
            <param index="0">
              <value>
                <![CDATA[[TestResult name=verify_seraching_With_Offercode_Shows_Corressponding_Details status=SUCCESS method=ManageOfferCodeTest.verify_seraching_With_Offercode_Shows_Corressponding_Details(java.lang.String)[pri:0, instance:sevenrmartSupermarket.Testscripts.ManageOfferCodeTest@30e868be] output={null}]]]>
              </value>
            </param>
          </params>
          <reporter-output>
          </reporter-output>
        </test-method> <!-- browserQuit -->
      </class> <!-- sevenrmartSupermarket.Testscripts.ManageOfferCodeTest -->
    </test> <!-- Test -->
  </suite> <!-- Suite -->
</testng-results>
