<?xml version="1.0" encoding="UTF-8"?>
<testng-results ignored="0" total="4" passed="4" failed="0" skipped="0">
  <reporter-output>
  </reporter-output>
  <suite started-at="2023-04-27T17:50:02 GST" name="Suite" finished-at="2023-04-27T17:50:42 GST" duration-ms="39662">
    <groups>
    </groups>
    <test started-at="2023-04-27T17:50:02 GST" name="Test" finished-at="2023-04-27T17:50:42 GST" duration-ms="39662">
      <class name="sevenrmartSupermarket.Testscripts.ManagePagesTest">
        <test-method is-config="true" signature="initilizeBrowser(java.lang.String)[pri:0, instance:sevenrmartSupermarket.Testscripts.ManagePagesTest@558bdf1f]" started-at="2023-04-27T17:50:02 GST" name="initilizeBrowser" finished-at="2023-04-27T17:50:06 GST" duration-ms="4293" status="PASS">
          <params>
            <param index="0">
              <value>
                <![CDATA[chrome]]>
              </value>
            </param>
          </params>
          <reporter-output>
          </reporter-output>
        </test-method> <!-- initilizeBrowser -->
        <test-method signature="clickResetButtonToGetListPagesTablePage(java.lang.String)[pri:0, instance:sevenrmartSupermarket.Testscripts.ManagePagesTest@558bdf1f]" started-at="2023-04-27T17:50:06 GST" name="clickResetButtonToGetListPagesTablePage" finished-at="2023-04-27T17:50:09 GST" duration-ms="2406" status="PASS">
          <params>
            <param index="0">
              <value>
                <![CDATA[Papaw]]>
              </value>
            </param>
          </params>
          <reporter-output>
          </reporter-output>
        </test-method> <!-- clickResetButtonToGetListPagesTablePage -->
        <test-method is-config="true" signature="browserQuit(org.testng.ITestResult)[pri:0, instance:sevenrmartSupermarket.Testscripts.ManagePagesTest@558bdf1f]" started-at="2023-04-27T17:50:09 GST" name="browserQuit" finished-at="2023-04-27T17:50:09 GST" duration-ms="260" status="PASS">
          <params>
            <param index="0">
              <value>
                <![CDATA[[TestResult name=clickResetButtonToGetListPagesTablePage status=SUCCESS method=ManagePagesTest.clickResetButtonToGetListPagesTablePage(java.lang.String)[pri:0, instance:sevenrmartSupermarket.Testscripts.ManagePagesTest@558bdf1f] output={null}]]]>
              </value>
            </param>
          </params>
          <reporter-output>
          </reporter-output>
        </test-method> <!-- browserQuit -->
        <test-method is-config="true" signature="initilizeBrowser(java.lang.String)[pri:0, instance:sevenrmartSupermarket.Testscripts.ManagePagesTest@558bdf1f]" started-at="2023-04-27T17:50:09 GST" name="initilizeBrowser" finished-at="2023-04-27T17:50:11 GST" duration-ms="2325" status="PASS">
          <params>
            <param index="0">
              <value>
                <![CDATA[chrome]]>
              </value>
            </param>
          </params>
          <reporter-output>
          </reporter-output>
        </test-method> <!-- initilizeBrowser -->
        <test-method signature="searchPageUsingTitleFromListPageTable(java.lang.String)[pri:0, instance:sevenrmartSupermarket.Testscripts.ManagePagesTest@558bdf1f]" started-at="2023-04-27T17:50:11 GST" name="searchPageUsingTitleFromListPageTable" finished-at="2023-04-27T17:50:13 GST" duration-ms="2234" status="PASS">
          <params>
            <param index="0">
              <value>
                <![CDATA[Papaw]]>
              </value>
            </param>
          </params>
          <reporter-output>
          </reporter-output>
        </test-method> <!-- searchPageUsingTitleFromListPageTable -->
        <test-method is-config="true" signature="browserQuit(org.testng.ITestResult)[pri:0, instance:sevenrmartSupermarket.Testscripts.ManagePagesTest@558bdf1f]" started-at="2023-04-27T17:50:13 GST" name="browserQuit" finished-at="2023-04-27T17:50:14 GST" duration-ms="383" status="PASS">
          <params>
            <param index="0">
              <value>
                <![CDATA[[TestResult name=searchPageUsingTitleFromListPageTable status=SUCCESS method=ManagePagesTest.searchPageUsingTitleFromListPageTable(java.lang.String)[pri:0, instance:sevenrmartSupermarket.Testscripts.ManagePagesTest@558bdf1f] output={null}]]]>
              </value>
            </param>
          </params>
          <reporter-output>
          </reporter-output>
        </test-method> <!-- browserQuit -->
        <test-method is-config="true" signature="initilizeBrowser(java.lang.String)[pri:0, instance:sevenrmartSupermarket.Testscripts.ManagePagesTest@558bdf1f]" started-at="2023-04-27T17:50:14 GST" name="initilizeBrowser" finished-at="2023-04-27T17:50:19 GST" duration-ms="5081" status="PASS">
          <params>
            <param index="0">
              <value>
                <![CDATA[chrome]]>
              </value>
            </param>
          </params>
          <reporter-output>
          </reporter-output>
        </test-method> <!-- initilizeBrowser -->
        <test-method signature="updateListPageAfterSearchingFromListPageTable(java.lang.String,java.lang.String)[pri:0, instance:sevenrmartSupermarket.Testscripts.ManagePagesTest@558bdf1f]" started-at="2023-04-27T17:50:19 GST" name="updateListPageAfterSearchingFromListPageTable" finished-at="2023-04-27T17:50:27 GST" duration-ms="7892" status="PASS">
          <params>
            <param index="0">
              <value>
                <![CDATA[kite]]>
              </value>
            </param>
            <param index="1">
              <value>
                <![CDATA[color]]>
              </value>
            </param>
          </params>
          <reporter-output>
          </reporter-output>
        </test-method> <!-- updateListPageAfterSearchingFromListPageTable -->
        <test-method is-config="true" signature="browserQuit(org.testng.ITestResult)[pri:0, instance:sevenrmartSupermarket.Testscripts.ManagePagesTest@558bdf1f]" started-at="2023-04-27T17:50:27 GST" name="browserQuit" finished-at="2023-04-27T17:50:27 GST" duration-ms="581" status="PASS">
          <params>
            <param index="0">
              <value>
                <![CDATA[[TestResult name=updateListPageAfterSearchingFromListPageTable status=SUCCESS method=ManagePagesTest.updateListPageAfterSearchingFromListPageTable(java.lang.String,java.lang.String)[pri:0, instance:sevenrmartSupermarket.Testscripts.ManagePagesTest@558bdf1f] output={null}]]]>
              </value>
            </param>
          </params>
          <reporter-output>
          </reporter-output>
        </test-method> <!-- browserQuit -->
        <test-method is-config="true" signature="initilizeBrowser(java.lang.String)[pri:0, instance:sevenrmartSupermarket.Testscripts.ManagePagesTest@558bdf1f]" started-at="2023-04-27T17:50:27 GST" name="initilizeBrowser" finished-at="2023-04-27T17:50:36 GST" duration-ms="8385" status="PASS">
          <params>
            <param index="0">
              <value>
                <![CDATA[chrome]]>
              </value>
            </param>
          </params>
          <reporter-output>
          </reporter-output>
        </test-method> <!-- initilizeBrowser -->
        <test-method signature="verifyDuplicatePageCreation()[pri:0, instance:sevenrmartSupermarket.Testscripts.ManagePagesTest@558bdf1f]" started-at="2023-04-27T17:50:36 GST" name="verifyDuplicatePageCreation" finished-at="2023-04-27T17:50:41 GST" duration-ms="5449" status="PASS">
          <reporter-output>
          </reporter-output>
        </test-method> <!-- verifyDuplicatePageCreation -->
        <test-method is-config="true" signature="browserQuit(org.testng.ITestResult)[pri:0, instance:sevenrmartSupermarket.Testscripts.ManagePagesTest@558bdf1f]" started-at="2023-04-27T17:50:41 GST" name="browserQuit" finished-at="2023-04-27T17:50:42 GST" duration-ms="329" status="PASS">
          <params>
            <param index="0">
              <value>
                <![CDATA[[TestResult name=verifyDuplicatePageCreation status=SUCCESS method=ManagePagesTest.verifyDuplicatePageCreation()[pri:0, instance:sevenrmartSupermarket.Testscripts.ManagePagesTest@558bdf1f] output={null}]]]>
              </value>
            </param>
          </params>
          <reporter-output>
          </reporter-output>
        </test-method> <!-- browserQuit -->
      </class> <!-- sevenrmartSupermarket.Testscripts.ManagePagesTest -->
    </test> <!-- Test -->
  </suite> <!-- Suite -->
</testng-results>
