-------------------------------------------------------------------------------
Test set: TestSuite
-------------------------------------------------------------------------------
Tests run: 4, Failures: 1, Errors: 0, Skipped: 0, Time elapsed: 24.82 s <<< FAILURE! - in TestSuite
sevenrmartSupermarket.Testscripts.LoginTest.verifyLogin[admin, admin](1)  Time elapsed: 1.073 s  <<< FAILURE!
java.lang.NullPointerException
	at sevenrmartSupermarket.Testscripts.LoginTest.verifyLogin(LoginTest.java:25)

