<?xml version="1.0" encoding="UTF-8"?>
<!-- Generated by org.testng.reporters.JUnitXMLReporter -->
<testsuite hostname="LAPTOP-J99CU6B4" ignored="0" name="Test" tests="29" failures="0" timestamp="2023-04-28T18:25:42 GST" time="554.507" errors="0">
  <testcase name="searchUserFromListUsersTable" time="3.52" classname="sevenrmartSupermarket.Testscripts.ManageUsersTest"/>
  <testcase name="viewPasswordOfSearchedUser" time="2.405" classname="sevenrmartSupermarket.Testscripts.ManageUsersTest"/>
  <testcase name="addNewOfferCode" time="4.884" classname="sevenrmartSupermarket.Testscripts.ManageOfferCodeTest"/>
  <testcase name="verifyResetButtonToStartNewSearch" time="7.213" classname="sevenrmartSupermarket.Testscripts.ManageOfferCodeTest"/>
  <testcase name="verify_seraching_With_Offercode_Shows_Corressponding_Details" time="6.543" classname="sevenrmartSupermarket.Testscripts.ManageOfferCodeTest"/>
  <testcase name="sentPushNotification" time="4.835" classname="sevenrmartSupermarket.Testscripts.PushNotificationTest"/>
  <testcase name="verifyClickingResetButtonToGetTitleBoxCleared" time="4.143" classname="sevenrmartSupermarket.Testscripts.PushNotificationTest"/>
  <testcase name="searchFromListCategoryTable" time="6.894" classname="sevenrmartSupermarket.Testscripts.ManageCategoryTest"/>
  <testcase name="verifyClickingResetButtonToGoToListCategoryPage" time="5.489" classname="sevenrmartSupermarket.Testscripts.ManageCategoryTest"/>
  <testcase name="verifyLogout_whenLogOutButtonIsClickedFromHomePage" time="2.535" classname="sevenrmartSupermarket.Testscripts.LoginTest"/>
  <testcase name="verify_login_with_Credentials" time="2.551" classname="sevenrmartSupermarket.Testscripts.LoginTest"/>
  <testcase name="checkSiteNameIsDisplayedInHomePage" time="6.027" classname="sevenrmartSupermarket.Testscripts.HomeTest"/>
  <testcase name="isCopyRightMessageDisplayedAsFooter" time="3.147" classname="sevenrmartSupermarket.Testscripts.HomeTest"/>
  <testcase name="checkUpdationInManagePaymentMethod" time="14.95" classname="sevenrmartSupermarket.Testscripts.ManagePaymentTest"/>
  <testcase name="verifyWorkingOfResetButton_clickReset_RedirectToBackPage" time="17.346" classname="sevenrmartSupermarket.Testscripts.ManagePaymentTest"/>
  <testcase name="addLinkToManageSlider" time="11.218" classname="sevenrmartSupermarket.Testscripts.ManageSliderTest"/>
  <testcase name="getNewButtonBackgroundColor" time="3.222" classname="sevenrmartSupermarket.Testscripts.ManageSliderTest"/>
  <testcase name="veriftClickingHomeButtonFromListSliderPage" time="5.187" classname="sevenrmartSupermarket.Testscripts.ManageSliderTest"/>
  <testcase name="verifyClickingCancelButtonToGetListSlidersListPage" time="22.519" classname="sevenrmartSupermarket.Testscripts.ManageSliderTest"/>
  <testcase name="addNewLocationToManageLocation" time="8.743" classname="sevenrmartSupermarket.Testscripts.ManageLocationTest"/>
  <testcase name="resetInManageLocation" time="4.538" classname="sevenrmartSupermarket.Testscripts.ManageLocationTest"/>
  <testcase name="cancelInManageLocation" time="24.495" classname="sevenrmartSupermarket.Testscripts.ManageLocationTest">
    <skipped/>
  </testcase> <!-- cancelInManageLocation -->
  <testcase name="cancelInManageLocation" time="5.367" classname="sevenrmartSupermarket.Testscripts.ManageLocationTest"/>
  <testcase name="searchFromListLocationTableToFindLocation" time="7.072" classname="sevenrmartSupermarket.Testscripts.ManageLocationTest"/>
  <testcase name="clickResetButtonToGetListPagesTablePage" time="3.26" classname="sevenrmartSupermarket.Testscripts.ManagePagesTest"/>
  <testcase name="searchPageUsingTitleFromListPageTable" time="4.222" classname="sevenrmartSupermarket.Testscripts.ManagePagesTest"/>
  <testcase name="updateListPageAfterSearchingFromListPageTable" time="7.925" classname="sevenrmartSupermarket.Testscripts.ManagePagesTest"/>
  <testcase name="verifyDuplicatePageCreation" time="6.49" classname="sevenrmartSupermarket.Testscripts.ManagePagesTest"/>
  <testcase name="verifyCancelButtonWorking" time="9.821" classname="sevenrmartSupermarket.Testscripts.ManageDeliveryBoyTest"/>
</testsuite> <!-- Test -->
