<?xml version="1.0" encoding="UTF-8"?>
<!-- Generated by org.testng.reporters.JUnitXMLReporter -->
<testsuite hostname="LAPTOP-J99CU6B4" ignored="0" name="Test" tests="2" failures="0" timestamp="2023-05-05T12:07:02 GST" time="20.975" errors="0">
  <testcase name="verifyPasswordOfSearchedUserIsDisplayed_ByClickingPasswordViewButtonOfTheUserFromListUsersTable" time="4.287" classname="sevenrmartSupermarket.Testscripts.ManageUsersTest"/>
  <testcase name="verifyUserIsAbleToGetTheSearchedUserInfoFromListUsersTable_ByClickingSearchButtonAndEnteringTheName" time="3.393" classname="sevenrmartSupermarket.Testscripts.ManageUsersTest"/>
</testsuite> <!-- Test -->
