<?xml version="1.0" encoding="UTF-8"?>
<!-- Generated by org.testng.reporters.JUnitXMLReporter -->
<testsuite ignored="0" hostname="LAPTOP-J99CU6B4" failures="0" tests="2" name="Test" time="20.64" errors="0" timestamp="2023-04-25T22:15:29 GST">
  <testcase classname="sevenrmartSupermarket.Testscripts.ManagePaymentTest" name="checkUpdationInManagePaymentMethod" time="3.901"/>
  <testcase classname="sevenrmartSupermarket.Testscripts.ManagePaymentTest" name="verifyWorkingOfResetButton_clickReset_RedirectToBackPage" time="4.735"/>
</testsuite> <!-- Test -->
