<?xml version="1.0" encoding="UTF-8"?>
<!-- Generated by org.testng.reporters.JUnitXMLReporter -->
<testsuite ignored="0" hostname="LAPTOP-J99CU6B4" failures="0" tests="2" name="TestEdge" time="14.057" errors="0" timestamp="2023-04-28T15:52:42 GST">
  <testcase classname="sevenrmartSupermarket.Testscripts.LoginTest" name="verifyLogout_whenLogOutButtonIsClickedFromHomePage" time="2.506"/>
  <testcase classname="sevenrmartSupermarket.Testscripts.LoginTest" name="verify_login_with_Credentials" time="2.068"/>
</testsuite> <!-- TestEdge -->
