<?xml version="1.0" encoding="UTF-8"?>
<!-- Generated by org.testng.reporters.JUnitXMLReporter -->
<testsuite hostname="LAPTOP-J99CU6B4" ignored="0" name="Test2" tests="5" failures="0" timestamp="2023-05-05T14:34:15 GST" time="64.507" errors="0">
  <testcase name="veriftHomePageIsDisplayed_ByClickingHomeButtonFromListSliderPage" time="6.192" classname="sevenrmartSupermarket.Testscripts.ManageSliderTest"/>
  <testcase name="verifyAlertIsDisplayedByClickingNewButtonAndAddingLink_ClickChooseFileAndSaveToUploadImageInSlider" time="8.785" classname="sevenrmartSupermarket.Testscripts.ManageSliderTest"/>
  <testcase name="verifyAlertIsDisplayed_WhenNewButtonIsClickedAnd_linkIsEnteredAndSaved" time="4.149" classname="sevenrmartSupermarket.Testscripts.ManageSliderTest"/>
  <testcase name="verifyBackgroundcolorIsAsExpected_ByGettingCssValueOfNewButton" time="3.502" classname="sevenrmartSupermarket.Testscripts.ManageSliderTest"/>
  <testcase name="verifyUserIsAbleToViewListSlidersPage_WhenCancelButtonIsClickedAfterEnteringLinkInLinkTextBox" time="2.856" classname="sevenrmartSupermarket.Testscripts.ManageSliderTest"/>
</testsuite> <!-- Test2 -->
