<?xml version="1.0" encoding="UTF-8"?>
<!-- Generated by org.testng.reporters.JUnitXMLReporter -->
<testsuite hostname="LAPTOP-J99CU6B4" ignored="0" name="TestEdge" tests="2" failures="0" timestamp="2023-05-05T14:27:44 GST" time="17.678" errors="0">
  <testcase name="verifyHomepageIsDisplayedAfterClickingSiginButtonWithValidUsernameAndPassword" time="1.762" classname="sevenrmartSupermarket.Testscripts.LoginTest"/>
  <testcase name="verifyLogInPageIsDisplayedAfterClickingLogoutButtonFromHomePage" time="1.793" classname="sevenrmartSupermarket.Testscripts.LoginTest"/>
</testsuite> <!-- TestEdge -->
